Performing C SOURCE FILE Test CMAKE_HAVE_LIBC_PTHREAD failed with the following output:
Change Dir: D:/Users/Wangzeyu/wzyDiplomaProject/projectV2/app/.cxx/Release/466a2e6h/arm64-v8a/CMakeFiles/CMakeTmp

Run Build Command(s):D:\Applications\AndroidStudio\sdk\cmake\3.22.1\bin\ninja.exe cmTC_4f0a8 && [1/2] Building C object CMakeFiles/cmTC_4f0a8.dir/src.c.o
D:/Users/Wangzeyu/wzyDiplomaProject/projectV2/app/.cxx/Release/466a2e6h/arm64-v8a/CMakeFiles/CMakeTmp/src.c:13:3: warning: implicit declaration of function 'pthread_cancel' is invalid in C99 [-Wimplicit-function-declaration]
  pthread_cancel(thread);
  ^
1 warning generated.
[2/2] Linking C executable cmTC_4f0a8
FAILED: cmTC_4f0a8 
cmd.exe /C "cd . && D:\Applications\AndroidStudio\sdk\ndk\25.1.8937393\toolchains\llvm\prebuilt\windows-x86_64\bin\clang.exe --target=aarch64-none-linux-android28 --sysroot=D:/Applications/AndroidStudio/sdk/ndk/25.1.8937393/toolchains/llvm/prebuilt/windows-x86_64/sysroot -g -DANDROID -fdata-sections -ffunction-sections -funwind-tables -fstack-protector-strong -no-canonical-prefixes -D_FORTIFY_SOURCE=2 -Wformat -Werror=format-security -static-libstdc++ -Wl,--build-id=sha1 -Wl,--no-rosegment -Wl,--fatal-warnings -Wl,--gc-sections -Wl,--no-undefined -Qunused-arguments -Wl,--gc-sections CMakeFiles/cmTC_4f0a8.dir/src.c.o -o cmTC_4f0a8  -latomic -lm && cd ."
ld: error: undefined symbol: pthread_cancel
>>> referenced by src.c:13
>>>               CMakeFiles/cmTC_4f0a8.dir/src.c.o:(main)
clang: error: linker command failed with exit code 1 (use -v to see invocation)
ninja: build stopped: subcommand failed.


Source file was:
#include <pthread.h>

static void* test_func(void* data)
{
  return data;
}

int main(void)
{
  pthread_t thread;
  pthread_create(&thread, NULL, test_func, NULL);
  pthread_detach(thread);
  pthread_cancel(thread);
  pthread_join(thread, NULL);
  pthread_atfork(NULL, NULL, NULL);
  pthread_exit(NULL);

  return 0;
}

Performing C++ SOURCE FILE Test GGML_COMPILER_SUPPORTS_FP16_FORMAT_I3E failed with the following output:
Change Dir: D:/Users/Wangzeyu/wzyDiplomaProject/projectV2/app/.cxx/Release/466a2e6h/arm64-v8a/CMakeFiles/CMakeTmp

Run Build Command(s):D:\Applications\AndroidStudio\sdk\cmake\3.22.1\bin\ninja.exe cmTC_affa7 && [1/2] Building CXX object CMakeFiles/cmTC_affa7.dir/src.cxx.o
FAILED: CMakeFiles/cmTC_affa7.dir/src.cxx.o 
D:\Applications\AndroidStudio\sdk\ndk\25.1.8937393\toolchains\llvm\prebuilt\windows-x86_64\bin\clang++.exe --target=aarch64-none-linux-android28 --sysroot=D:/Applications/AndroidStudio/sdk/ndk/25.1.8937393/toolchains/llvm/prebuilt/windows-x86_64/sysroot -DGGML_COMPILER_SUPPORTS_FP16_FORMAT_I3E  -g -DANDROID -fdata-sections -ffunction-sections -funwind-tables -fstack-protector-strong -no-canonical-prefixes -D_FORTIFY_SOURCE=2 -Wformat -Werror=format-security  -std=c++17  -fPIE   -mfp16-format=ieee -std=c++17 -MD -MT CMakeFiles/cmTC_affa7.dir/src.cxx.o -MF CMakeFiles\cmTC_affa7.dir\src.cxx.o.d -o CMakeFiles/cmTC_affa7.dir/src.cxx.o -c D:/Users/Wangzeyu/wzyDiplomaProject/projectV2/app/.cxx/Release/466a2e6h/arm64-v8a/CMakeFiles/CMakeTmp/src.cxx
clang++: error: unknown argument: '-mfp16-format=ieee'
ninja: build stopped: subcommand failed.


Source file was:
int main() { return 0; }
